// 重构日志: 81656a49
// 重构日志: 227ebec8
// 重构日志: a3667d51
// 同步 ID: 01a67354 @ Sat Jul  4 08:15:16 UTC 2026
// 重构日志: b394fb96
// 同步 ID: 5fe16044 @ Sat Jul  4 17:18:07 UTC 2026
// 同步 ID: 1b2bb3f4 @ Sun Jul  5 06:13:55 UTC 2026
// 重构日志: 26721059
// 重构日志: 291362dc
// 重构日志: 1e5f8015
// 重构日志: 1646e004
// 同步 ID: 74fce6d7 @ Wed Jul  8 08:45:23 UTC 2026
// 重构日志: 00423851
// 重构日志: dce1e36c
// 重构日志: 88786844
// 重构日志: 83d4e288
// 重构日志: 35898e4e
// 重构日志: 82eb4485
// 重构日志: 0076ad6a
// 重构日志: c368b35d
// 同步 ID: 48f47af7 @ Sat Jul 11 07:33:24 UTC 2026
// 重构日志: d82f8c4e
// 同步 ID: 90ede36e @ Sat Jul 11 11:23:26 UTC 2026
// 同步 ID: ab2379c8 @ Sat Jul 11 16:28:05 UTC 2026
// 重构日志: 8b65a267
// 重构日志: 66918123
// 重构日志: 2e7b9a2e
// 重构日志: 9ed61db3
// 同步 ID: 0eebeeed @ Mon Jul 13 09:19:54 UTC 2026
// 同步 ID: 00273710 @ Mon Jul 13 12:20:36 UTC 2026
